SpeechBrain system description
==============================
Python version:
3.8.2 (default, Apr 21 2020, 01:05:05) 
[GCC 5.4.0]
==============================
Installed Python packages:
-f /cvmfs/soft.computecanada.ca/custom/python/wheelhouse/nix/avx
-f /cvmfs/soft.computecanada.ca/custom/python/wheelhouse/nix/generic
-f /cvmfs/soft.computecanada.ca/custom/python/wheelhouse/generic
appdirs==1.4.4
attrs==20.3.0
black==20.8b1
certifi==2020.12.5
cfgv==3.2.0
chardet==4.0.0
click==7.1.2
distlib==0.3.1
filelock==3.0.12
flake8==3.8.4
huggingface-hub==0.0.6
HyperPyYAML==0.0.1
identify==2.0.0
idna==2.10
iniconfig==1.1.1
joblib==1.0.1
mccabe==0.6.1
mypy-extensions==0.4.3
nodeenv==1.5.0
numpy==1.19.1
packaging==20.9
pathspec==0.8.1
pluggy==0.13.1
pre-commit==2.10.1
py==1.10.0
pycodestyle==2.6.0
pyflakes==2.2.0
pyparsing==2.4.7
pytest==6.2.2
PyYAML==5.3.1
regex==2020.11.13
requests==2.25.1
ruamel.yaml==0.16.12
ruamel.yaml.clib==0.2.2
scipy==1.5.2
sentencepiece==0.1.91
six==1.15.0
-e git+https://github.com/speechbrain/speechbrain@97ea3e3340bb6e8538004f415ef98306ba309369#egg=speechbrain
toml==0.10.2
torch==1.8.1
torchaudio==0.8.1
tqdm==4.60.0
typed-ast==1.4.1
typing-extensions==3.7.4.3
urllib3==1.26.4
virtualenv==20.4.2
yamllint==1.26.0
==============================
Git revision:
84dfc9ea
==============================
Cuda version:
10.2