SpeechBrain system description
==============================
Python version:
3.7.10 | packaged by conda-forge | (default, Feb 19 2021, 16:07:37) 
[GCC 9.3.0]
==============================
Installed Python packages:
adal @ file:///home/conda/feedstock_root/build_artifacts/adal_1617781612176/work
aiohttp @ file:///home/conda/feedstock_root/build_artifacts/aiohttp_1614280873252/work
ansiwrap==0.8.4
appdirs @ file:///home/conda/feedstock_root/build_artifacts/appdirs_1603108395799/work
argon2-cffi @ file:///home/conda/feedstock_root/build_artifacts/argon2-cffi_1610522577486/work
arrow @ file:///home/conda/feedstock_root/build_artifacts/arrow_1615160178958/work
asn1crypto @ file:///home/conda/feedstock_root/build_artifacts/asn1crypto_1595949944546/work
async-generator==1.10
async-timeout==3.0.1
attrs @ file:///home/conda/feedstock_root/build_artifacts/attrs_1605083924122/work
backcall @ file:///home/conda/feedstock_root/build_artifacts/backcall_1592338393461/work
backports.functools-lru-cache @ file:///home/conda/feedstock_root/build_artifacts/backports.functools_lru_cache_1618230623929/work
binaryornot==0.4.4
black==19.10b0
bleach @ file:///home/conda/feedstock_root/build_artifacts/bleach_1612213472466/work
blinker==1.4
brotlipy==0.7.0
cachetools @ file:///home/conda/feedstock_root/build_artifacts/cachetools_1611555765219/work
caip-notebooks-serverextension @ file:///opt/conda/conda-bld/dlenv-base_1618276247652/work/packages/server_extension
certifi==2020.12.5
cffi @ file:///home/conda/feedstock_root/build_artifacts/cffi_1613413867554/work
cfgv==3.2.0
chardet @ file:///home/conda/feedstock_root/build_artifacts/chardet_1610093487176/work
click==7.1.2
cloudpickle @ file:///home/conda/feedstock_root/build_artifacts/cloudpickle_1598400192773/work
colorama @ file:///home/conda/feedstock_root/build_artifacts/colorama_1602866480661/work
conda==4.9.2
conda-package-handling @ file:///home/conda/feedstock_root/build_artifacts/conda-package-handling_1618231393684/work
confuse @ file:///home/conda/feedstock_root/build_artifacts/confuse_1605988134315/work
cookiecutter==1.7.2
cryptography @ file:///home/conda/feedstock_root/build_artifacts/cryptography_1616851478755/work
cycler==0.10.0
decorator @ file:///home/conda/feedstock_root/build_artifacts/decorator_1617865139205/work
defusedxml @ file:///home/conda/feedstock_root/build_artifacts/defusedxml_1615232257335/work
distlib==0.3.1
docker @ file:///home/conda/feedstock_root/build_artifacts/docker-py_1617755742617/work
docker-pycreds==0.4.0
entrypoints @ file:///home/conda/feedstock_root/build_artifacts/entrypoints_1605121927639/work/dist/entrypoints-0.3-py2.py3-none-any.whl
filelock==3.0.12
flake8==3.7.9
fsspec @ file:///home/conda/feedstock_root/build_artifacts/fsspec_1617653061106/work
gcsfs @ file:///home/conda/feedstock_root/build_artifacts/gcsfs_1618251324500/work
gdown==3.12.2
gitdb @ file:///home/conda/feedstock_root/build_artifacts/gitdb_1616781027402/work
GitPython @ file:///home/conda/feedstock_root/build_artifacts/gitpython_1614496354236/work
google-api-core @ file:///home/conda/feedstock_root/build_artifacts/google-api-core-split_1616709747968/work
google-api-python-client @ file:///home/conda/feedstock_root/build_artifacts/google-api-python-client_1617642777040/work
google-auth @ file:///home/conda/feedstock_root/build_artifacts/google-auth_1617123880036/work
google-auth-httplib2 @ file:///home/conda/feedstock_root/build_artifacts/google-auth-httplib2_1617387471894/work
google-auth-oauthlib @ file:///home/conda/feedstock_root/build_artifacts/google-auth-oauthlib_1616710401691/work
google-cloud-bigquery==2.13.1
google-cloud-bigquery-storage==2.4.0
google-cloud-bigtable==2.0.0
google-cloud-core==1.6.0
google-cloud-dataproc==2.3.1
google-cloud-datastore==2.1.0
google-cloud-firestore==2.1.0
google-cloud-kms==2.2.0
google-cloud-language==2.0.0
google-cloud-logging==2.3.1
google-cloud-monitoring==2.2.1
google-cloud-pubsub==1.7.0
google-cloud-scheduler==2.2.0
google-cloud-spanner==3.3.0
google-cloud-speech==2.2.1
google-cloud-storage==1.37.1
google-cloud-tasks==2.2.0
google-cloud-translate==3.1.0
google-cloud-videointelligence==2.1.0
google-cloud-vision==2.3.0
google-crc32c==1.1.2
google-resumable-media==1.2.0
googleapis-common-protos @ file:///home/conda/feedstock_root/build_artifacts/googleapis-common-protos-feedstock_1616710767141/work
greenlet @ file:///home/conda/feedstock_root/build_artifacts/greenlet_1615997408262/work
grpc-google-iam-v1==0.12.3
grpcio @ file:///home/conda/feedstock_root/build_artifacts/grpcio_1617837744887/work
grpcio-gcp @ file:///home/conda/feedstock_root/build_artifacts/grpcio-gcp_1604414757985/work
htmlmin==0.1.12
httplib2 @ file:///home/conda/feedstock_root/build_artifacts/httplib2_1617134439639/work
huggingface-hub==0.0.8
HyperPyYAML==1.0.0
identify==2.2.3
idna @ file:///tmp/build/80754af9/idna_1593446292537/work
ImageHash @ file:///home/conda/feedstock_root/build_artifacts/imagehash_1605809872811/work
importlib-metadata @ file:///home/conda/feedstock_root/build_artifacts/importlib-metadata_1618291672662/work
ipykernel @ file:///home/conda/feedstock_root/build_artifacts/ipykernel_1617137062993/work/dist/ipykernel-5.5.3-py3-none-any.whl
ipython @ file:///home/conda/feedstock_root/build_artifacts/ipython_1616836846469/work
ipython-genutils==0.2.0
ipython-sql @ file:///home/conda/feedstock_root/build_artifacts/ipython-sql_1602667927030/work
ipywidgets @ file:///home/conda/feedstock_root/build_artifacts/ipywidgets_1609995587151/work
jedi @ file:///home/conda/feedstock_root/build_artifacts/jedi_1610146791823/work
Jinja2 @ file:///home/conda/feedstock_root/build_artifacts/jinja2_1612119311452/work
jinja2-time==0.2.0
joblib @ file:///home/conda/feedstock_root/build_artifacts/joblib_1612898609989/work
json5 @ file:///home/conda/feedstock_root/build_artifacts/json5_1600692310011/work
jsonschema @ file:///home/conda/feedstock_root/build_artifacts/jsonschema_1614815863336/work
jupyter-client @ file:///home/conda/feedstock_root/build_artifacts/jupyter_client_1615693636836/work
jupyter-core @ file:///home/conda/feedstock_root/build_artifacts/jupyter_core_1612125257337/work
jupyter-http-over-ws==0.0.8
jupyterlab==1.2.16
jupyterlab-git @ file:///home/conda/feedstock_root/build_artifacts/jupyterlab-git_1598805204722/work
jupyterlab-pygments @ file:///home/conda/feedstock_root/build_artifacts/jupyterlab_pygments_1601375948261/work
jupyterlab-server @ file:///home/conda/feedstock_root/build_artifacts/jupyterlab_server_1593951277307/work
jupyterlab-widgets @ file:///home/conda/feedstock_root/build_artifacts/jupyterlab_widgets_1609173350931/work
kiwisolver @ file:///home/conda/feedstock_root/build_artifacts/kiwisolver_1610099773791/work
kubernetes @ file:///home/conda/feedstock_root/build_artifacts/python-kubernetes_1605253606169/work
libcst==0.3.18
llvmlite==0.36.0
Markdown @ file:///home/conda/feedstock_root/build_artifacts/markdown_1614595805172/work
MarkupSafe @ file:///home/conda/feedstock_root/build_artifacts/markupsafe_1610127564475/work
matplotlib @ file:///home/conda/feedstock_root/build_artifacts/matplotlib-suite_1617212792183/work
mccabe==0.6.1
missingno==0.4.2
mistune @ file:///home/conda/feedstock_root/build_artifacts/mistune_1610112870915/work
more-itertools==8.7.0
multidict @ file:///home/conda/feedstock_root/build_artifacts/multidict_1610319002430/work
mypy-extensions @ file:///home/conda/feedstock_root/build_artifacts/mypy_extensions_1610127163566/work
nb-conda @ file:///home/conda/feedstock_root/build_artifacts/nb_conda_1611345550379/work
nb-conda-kernels @ file:///home/conda/feedstock_root/build_artifacts/nb_conda_kernels_1606762466752/work
nbclient @ file:///home/conda/feedstock_root/build_artifacts/nbclient_1614336084111/work
nbconvert @ file:///home/conda/feedstock_root/build_artifacts/nbconvert_1605401831777/work
nbdime @ file:///home/conda/feedstock_root/build_artifacts/nbdime_1601645814261/work
nbformat @ file:///home/conda/feedstock_root/build_artifacts/nbformat_1617383142101/work
nest-asyncio @ file:///home/conda/feedstock_root/build_artifacts/nest-asyncio_1617163391303/work
networkx @ file:///home/conda/feedstock_root/build_artifacts/networkx_1598210780226/work
nodeenv==1.6.0
notebook @ file:///home/conda/feedstock_root/build_artifacts/notebook_1616419147696/work
notebook-executor @ file:///opt/conda/conda-bld/dlenv-base_1618276247652/work/packages/notebook_executor
numba @ file:///home/conda/feedstock_root/build_artifacts/numba_1616707886433/work
numpy @ file:///home/conda/feedstock_root/build_artifacts/numpy_1610324536371/work
oauthlib==3.0.1
olefile @ file:///home/conda/feedstock_root/build_artifacts/olefile_1602866521163/work
packaging @ file:///home/conda/feedstock_root/build_artifacts/packaging_1612459636436/work
pandas==1.2.4
pandas-profiling @ file:///home/conda/feedstock_root/build_artifacts/pandas-profiling_1613839428900/work
pandocfilters==1.4.2
papermill @ file:///home/conda/feedstock_root/build_artifacts/papermill_1615479738199/work
parso @ file:///home/conda/feedstock_root/build_artifacts/parso_1617148930513/work
pathspec @ file:///home/conda/feedstock_root/build_artifacts/pathspec_1605120834673/work
patsy==0.5.1
pexpect @ file:///home/conda/feedstock_root/build_artifacts/pexpect_1602535608087/work
phik @ file:///home/conda/feedstock_root/build_artifacts/phik_1615724006677/work
pickleshare @ file:///home/conda/feedstock_root/build_artifacts/pickleshare_1602536217715/work
Pillow @ file:///home/conda/feedstock_root/build_artifacts/pillow_1617818063550/work
pluggy==0.13.1
poyo==0.5.0
pre-commit==2.12.0
prettytable @ file:///home/conda/feedstock_root/build_artifacts/prettytable_1614725168556/work
prometheus-client @ file:///home/conda/feedstock_root/build_artifacts/prometheus_client_1617909193315/work
prompt-toolkit @ file:///home/conda/feedstock_root/build_artifacts/prompt-toolkit_1616432837031/work
proto-plus==1.18.1
protobuf==3.15.8
psutil==5.8.0
ptyprocess @ file:///home/conda/feedstock_root/build_artifacts/ptyprocess_1609419310487/work/dist/ptyprocess-0.7.0-py2.py3-none-any.whl
py==1.10.0
pyarrow==3.0.0
pyasn1==0.4.8
pyasn1-modules==0.2.7
pycodestyle==2.5.0
pycosat @ file:///home/conda/feedstock_root/build_artifacts/pycosat_1610094791171/work
pycparser @ file:///tmp/build/80754af9/pycparser_1594388511720/work
pyflakes==2.1.1
Pygments @ file:///home/conda/feedstock_root/build_artifacts/pygments_1615243893546/work
PyJWT @ file:///home/conda/feedstock_root/build_artifacts/pyjwt_1617199158555/work
pyOpenSSL @ file:///home/conda/feedstock_root/build_artifacts/pyopenssl_1608055815057/work
pyparsing==2.4.7
pyrsistent @ file:///home/conda/feedstock_root/build_artifacts/pyrsistent_1610146801408/work
PySocks @ file:///home/conda/feedstock_root/build_artifacts/pysocks_1610291444829/work
pytest==5.4.1
python-dateutil==2.8.1
python-slugify @ file:///home/conda/feedstock_root/build_artifacts/python-slugify_1593573453419/work
pytz @ file:///home/conda/feedstock_root/build_artifacts/pytz_1612179539967/work
PyWavelets @ file:///home/conda/feedstock_root/build_artifacts/pywavelets_1607290802651/work
PyYAML==5.4.1
pyzmq @ file:///home/conda/feedstock_root/build_artifacts/pyzmq_1614611717789/work
regex @ file:///home/conda/feedstock_root/build_artifacts/regex_1617644420360/work
requests @ file:///home/conda/feedstock_root/build_artifacts/requests_1608156231189/work
requests-oauthlib @ file:///home/conda/feedstock_root/build_artifacts/requests-oauthlib_1595492159598/work
retrying==1.3.3
rsa @ file:///home/conda/feedstock_root/build_artifacts/rsa_1614171254180/work
ruamel-yaml-conda @ file:///home/conda/feedstock_root/build_artifacts/ruamel_yaml_1611943443937/work
ruamel.yaml==0.17.4
ruamel.yaml.clib==0.2.2
scikit-learn @ file:///home/conda/feedstock_root/build_artifacts/scikit-learn_1611079729065/work
scipy @ file:///home/conda/feedstock_root/build_artifacts/scipy_1616878678759/work
seaborn @ file:///home/conda/feedstock_root/build_artifacts/seaborn-split_1611834504644/work
Send2Trash==1.5.0
sentencepiece==0.1.95
simplejson @ file:///home/conda/feedstock_root/build_artifacts/simplejson_1610147090454/work
six @ file:///home/conda/feedstock_root/build_artifacts/six_1590081179328/work
smmap @ file:///home/conda/feedstock_root/build_artifacts/smmap_1611376390914/work
-e git+git@github.com:mravanelli-mila/speechbrain_multiling.git@b1e40f6c973a3463468cf6d78bca659eeeb82ee2#egg=SpeechBrain
SQLAlchemy @ file:///home/conda/feedstock_root/build_artifacts/sqlalchemy_1617994944738/work
sqlparse @ file:///home/conda/feedstock_root/build_artifacts/sqlparse_1602142927465/work
statsmodels @ file:///home/conda/feedstock_root/build_artifacts/statsmodels_1612273600586/work
tangled-up-in-unicode @ file:///home/conda/feedstock_root/build_artifacts/tangled-up-in-unicode_1615712185579/work
tenacity @ file:///home/conda/feedstock_root/build_artifacts/tenacity_1614801055552/work
terminado @ file:///home/conda/feedstock_root/build_artifacts/terminado_1617048648819/work
testpath==0.4.4
text-unidecode==1.3
textwrap3==0.9.2
threadpoolctl @ file:///tmp/tmp79xdzxkt/threadpoolctl-2.1.0-py3-none-any.whl
toml @ file:///home/conda/feedstock_root/build_artifacts/toml_1604308577558/work
torch==1.7.1
torchaudio==0.7.2
torchvision==0.9.0+cu111
tornado @ file:///home/conda/feedstock_root/build_artifacts/tornado_1610094704591/work
tqdm @ file:///home/conda/feedstock_root/build_artifacts/tqdm_1617680194207/work
traitlets @ file:///home/conda/feedstock_root/build_artifacts/traitlets_1602771532708/work
typed-ast @ file:///home/conda/feedstock_root/build_artifacts/typed-ast_1618337592858/work
typing-extensions @ file:///home/conda/feedstock_root/build_artifacts/typing_extensions_1602702424206/work
typing-inspect==0.6.0
ujson @ file:///home/conda/feedstock_root/build_artifacts/ujson_1611250187793/work
Unidecode @ file:///home/conda/feedstock_root/build_artifacts/unidecode_1612533191922/work
uritemplate==3.0.1
urllib3 @ file:///home/conda/feedstock_root/build_artifacts/urllib3_1615828766818/work
virtualenv==20.4.3
visions @ file:///home/conda/feedstock_root/build_artifacts/visions_1600915384170/work
wcwidth @ file:///home/conda/feedstock_root/build_artifacts/wcwidth_1600965781394/work
webencodings==0.5.1
websocket-client @ file:///home/conda/feedstock_root/build_artifacts/websocket-client_1610127652206/work
whichcraft==0.6.1
widgetsnbextension @ file:///home/conda/feedstock_root/build_artifacts/widgetsnbextension_1605475530234/work
wrapt @ file:///home/conda/feedstock_root/build_artifacts/wrapt_1610094880759/work
yamllint==1.23.0
yarl @ file:///home/conda/feedstock_root/build_artifacts/yarl_1610354142409/work
zipp @ file:///home/conda/feedstock_root/build_artifacts/zipp_1614945704755/work
==============================
Git revision:
b1e40f6c
==============================
Cuda version:
10.2