SpeechBrain system description
==============================
Python version:
3.8.2 (default, Apr 21 2020, 01:05:05) 
[GCC 5.4.0]
==============================
Installed Python packages:
certifi==2020.12.5
chardet==4.0.0
filelock==3.0.12
huggingface-hub==0.0.6
HyperPyYAML==0.0.1
idna==2.10
joblib==1.0.1
numpy==1.19.1
packaging==20.9
pyparsing==2.4.7
PyYAML==5.3.1
requests==2.25.1
ruamel.yaml==0.16.12
ruamel.yaml.clib==0.2.2
scipy==1.5.2
sentencepiece==0.1.91
-e git+git@github.com:mravanelli-mila/speechbrain_multiling.git@9e1a0e45fe681e1d288290f62c46bd8925fbade6#egg=speechbrain
torch==1.8.1
torchaudio==0.8.1
tqdm==4.60.0
typing-extensions==3.7.4.3
urllib3==1.26.4
==============================
Git revision:
9e1a0e45
==============================
Cuda version:
10.2